TN:
SF:server.js
FN:25,(anonymous_0)
FN:26,(anonymous_1)
FN:84,(anonymous_2)
FN:99,loadData
FN:113,saveData
FN:126,(anonymous_5)
FN:162,(anonymous_6)
FN:167,(anonymous_7)
FN:176,(anonymous_8)
FN:182,(anonymous_9)
FN:188,(anonymous_10)
FN:193,(anonymous_11)
FN:199,(anonymous_12)
FN:202,(anonymous_13)
FN:212,(anonymous_14)
FN:217,(anonymous_15)
FN:223,(anonymous_16)
FN:228,(anonymous_17)
FN:239,(anonymous_18)
FNF:19
FNH:15
FNDA:13,(anonymous_0)
FNDA:13,(anonymous_1)
FNDA:1,(anonymous_2)
FNDA:1,loadData
FNDA:3,saveData
FNDA:3,(anonymous_5)
FNDA:1,(anonymous_6)
FNDA:2,(anonymous_7)
FNDA:1,(anonymous_8)
FNDA:1,(anonymous_9)
FNDA:1,(anonymous_10)
FNDA:0,(anonymous_11)
FNDA:4,(anonymous_12)
FNDA:68,(anonymous_13)
FNDA:0,(anonymous_14)
FNDA:1,(anonymous_15)
FNDA:1,(anonymous_16)
FNDA:0,(anonymous_17)
FNDA:0,(anonymous_18)
DA:1,1
DA:2,1
DA:3,1
DA:4,1
DA:5,1
DA:6,1
DA:7,1
DA:8,1
DA:9,1
DA:12,1
DA:13,1
DA:16,1
DA:22,1
DA:25,1
DA:26,13
DA:28,13
DA:29,12
DA:32,13
DA:35,1
DA:38,1
DA:39,1
DA:40,0
DA:44,1
DA:47,1
DA:61,1
DA:68,1
DA:75,1
DA:77,1
DA:78,1
DA:81,1
DA:86,1
DA:87,1
DA:89,0
DA:95,1
DA:96,1
DA:100,1
DA:101,1
DA:102,1
DA:103,1
DA:104,1
DA:107,0
DA:108,0
DA:114,3
DA:115,3
DA:116,3
DA:118,0
DA:123,1
DA:126,1
DA:127,3
DA:128,3
DA:131,3
DA:132,1
DA:135,2
DA:148,2
DA:149,0
DA:152,2
DA:153,2
DA:154,2
DA:156,0
DA:157,0
DA:162,1
DA:163,1
DA:167,1
DA:168,2
DA:169,1
DA:172,1
DA:174,1
DA:178,1
DA:179,1
DA:184,1
DA:185,1
DA:188,1
DA:189,1
DA:191,1
DA:194,0
DA:199,1
DA:200,4
DA:201,4
DA:202,4
DA:203,68
DA:205,4
DA:207,0
DA:212,1
DA:213,0
DA:217,1
DA:218,1
DA:219,1
DA:223,1
DA:224,1
DA:228,1
DA:229,0
DA:230,0
DA:234,1
DA:237,1
DA:238,0
DA:239,0
DA:240,0
DA:241,0
LF:98
LH:81
BRDA:28,0,0,12
BRDA:28,0,1,1
BRDA:39,1,0,0
BRDA:39,1,1,1
BRDA:62,2,0,1
BRDA:62,2,1,1
BRDA:86,3,0,1
BRDA:86,3,1,0
BRDA:101,4,0,1
BRDA:101,4,1,0
BRDA:131,5,0,1
BRDA:131,5,1,2
BRDA:131,6,0,3
BRDA:131,6,1,2
BRDA:131,6,2,2
BRDA:137,7,0,2
BRDA:137,7,1,0
BRDA:138,8,0,2
BRDA:138,8,1,1
BRDA:139,9,0,2
BRDA:139,9,1,1
BRDA:140,10,0,2
BRDA:140,10,1,1
BRDA:141,11,0,2
BRDA:141,11,1,1
BRDA:142,12,0,2
BRDA:142,12,1,1
BRDA:143,13,0,2
BRDA:143,13,1,1
BRDA:148,14,0,0
BRDA:148,14,1,2
BRDA:148,15,0,2
BRDA:148,15,1,2
BRDA:148,15,2,2
BRDA:168,16,0,1
BRDA:168,16,1,1
BRDA:178,17,0,1
BRDA:178,17,1,0
BRDA:189,18,0,0
BRDA:189,18,1,1
BRDA:201,19,0,4
BRDA:201,19,1,1
BRDA:203,20,0,68
BRDA:203,20,1,0
BRDA:230,21,0,0
BRDA:230,21,1,0
BRDA:230,22,0,0
BRDA:230,22,1,0
BRDA:237,23,0,0
BRDA:237,23,1,1
BRDA:238,24,0,0
BRDA:238,24,1,0
BRF:52
BRH:37
end_of_record
