{"/Users/admin52/Downloads/campus-compass-main-main/backend/server.js":{"path":"/Users/admin52/Downloads/campus-compass-main-main/backend/server.js","statementMap":{"0":{"start":{"line":1,"column":16},"end":{"line":1,"column":34}},"1":{"start":{"line":2,"column":13},"end":{"line":2,"column":33}},"2":{"start":{"line":3,"column":11},"end":{"line":3,"column":29}},"3":{"start":{"line":4,"column":12},"end":{"line":4,"column":33}},"4":{"start":{"line":5,"column":15},"end":{"line":5,"column":32}},"5":{"start":{"line":6,"column":15},"end":{"line":6,"column":37}},"6":{"start":{"line":7,"column":15},"end":{"line":7,"column":32}},"7":{"start":{"line":8,"column":13},"end":{"line":8,"column":28}},"8":{"start":{"line":9,"column":18},"end":{"line":9,"column":47}},"9":{"start":{"line":12,"column":30},"end":{"line":12,"column":58}},"10":{"start":{"line":13,"column":0},"end":{"line":13,"column":53}},"11":{"start":{"line":16,"column":27},"end":{"line":20,"column":2}},"12":{"start":{"line":22,"column":12},"end":{"line":22,"column":21}},"13":{"start":{"line":25,"column":0},"end":{"line":33,"column":3}},"14":{"start":{"line":26,"column":2},"end":{"line":31,"column":5}},"15":{"start":{"line":28,"column":4},"end":{"line":30,"column":5}},"16":{"start":{"line":29,"column":6},"end":{"line":29,"column":76}},"17":{"start":{"line":32,"column":2},"end":{"line":32,"column":9}},"18":{"start":{"line":35,"column":0},"end":{"line":35,"column":33}},"19":{"start":{"line":38,"column":18},"end":{"line":38,"column":49}},"20":{"start":{"line":39,"column":0},"end":{"line":41,"column":1}},"21":{"start":{"line":40,"column":2},"end":{"line":40,"column":47}},"22":{"start":{"line":44,"column":0},"end":{"line":44,"column":35}},"23":{"start":{"line":47,"column":0},"end":{"line":60,"column":4}},"24":{"start":{"line":61,"column":0},"end":{"line":65,"column":4}},"25":{"start":{"line":68,"column":16},"end":{"line":74,"column":2}},"26":{"start":{"line":75,"column":0},"end":{"line":75,"column":17}},"27":{"start":{"line":77,"column":0},"end":{"line":77,"column":41}},"28":{"start":{"line":78,"column":0},"end":{"line":78,"column":56}},"29":{"start":{"line":81,"column":15},"end":{"line":92,"column":2}},"30":{"start":{"line":86,"column":4},"end":{"line":90,"column":5}},"31":{"start":{"line":87,"column":6},"end":{"line":87,"column":21}},"32":{"start":{"line":89,"column":6},"end":{"line":89,"column":51}},"33":{"start":{"line":95,"column":18},"end":{"line":95,"column":63}},"34":{"start":{"line":96,"column":15},"end":{"line":96,"column":17}},"35":{"start":{"line":100,"column":2},"end":{"line":109,"column":3}},"36":{"start":{"line":101,"column":4},"end":{"line":105,"column":5}},"37":{"start":{"line":102,"column":19},"end":{"line":102,"column":53}},"38":{"start":{"line":103,"column":6},"end":{"line":103,"column":34}},"39":{"start":{"line":104,"column":6},"end":{"line":104,"column":75}},"40":{"start":{"line":107,"column":4},"end":{"line":107,"column":46}},"41":{"start":{"line":108,"column":4},"end":{"line":108,"column":18}},"42":{"start":{"line":114,"column":2},"end":{"line":119,"column":3}},"43":{"start":{"line":115,"column":4},"end":{"line":115,"column":75}},"44":{"start":{"line":116,"column":4},"end":{"line":116,"column":70}},"45":{"start":{"line":118,"column":4},"end":{"line":118,"column":45}},"46":{"start":{"line":123,"column":0},"end":{"line":123,"column":11}},"47":{"start":{"line":126,"column":0},"end":{"line":159,"column":3}},"48":{"start":{"line":127,"column":2},"end":{"line":158,"column":3}},"49":{"start":{"line":128,"column":77},"end":{"line":128,"column":85}},"50":{"start":{"line":131,"column":4},"end":{"line":133,"column":5}},"51":{"start":{"line":132,"column":6},"end":{"line":132,"column":81}},"52":{"start":{"line":135,"column":26},"end":{"line":145,"column":5}},"53":{"start":{"line":148,"column":4},"end":{"line":150,"column":5}},"54":{"start":{"line":149,"column":6},"end":{"line":149,"column":30}},"55":{"start":{"line":152,"column":4},"end":{"line":152,"column":33}},"56":{"start":{"line":153,"column":4},"end":{"line":153,"column":15}},"57":{"start":{"line":154,"column":4},"end":{"line":154,"column":79}},"58":{"start":{"line":156,"column":4},"end":{"line":156,"column":45}},"59":{"start":{"line":157,"column":4},"end":{"line":157,"column":74}},"60":{"start":{"line":162,"column":0},"end":{"line":164,"column":3}},"61":{"start":{"line":163,"column":2},"end":{"line":163,"column":21}},"62":{"start":{"line":167,"column":0},"end":{"line":196,"column":3}},"63":{"start":{"line":168,"column":2},"end":{"line":170,"column":3}},"64":{"start":{"line":169,"column":4},"end":{"line":169,"column":63}},"65":{"start":{"line":172,"column":22},"end":{"line":172,"column":24}},"66":{"start":{"line":174,"column":2},"end":{"line":195,"column":7}},"67":{"start":{"line":178,"column":6},"end":{"line":180,"column":7}},"68":{"start":{"line":179,"column":8},"end":{"line":179,"column":30}},"69":{"start":{"line":184,"column":6},"end":{"line":184,"column":47}},"70":{"start":{"line":185,"column":6},"end":{"line":185,"column":17}},"71":{"start":{"line":188,"column":6},"end":{"line":190,"column":9}},"72":{"start":{"line":189,"column":8},"end":{"line":189,"column":54}},"73":{"start":{"line":189,"column":17},"end":{"line":189,"column":54}},"74":{"start":{"line":191,"column":6},"end":{"line":191,"column":77}},"75":{"start":{"line":194,"column":6},"end":{"line":194,"column":73}},"76":{"start":{"line":199,"column":0},"end":{"line":209,"column":3}},"77":{"start":{"line":200,"column":2},"end":{"line":208,"column":3}},"78":{"start":{"line":201,"column":18},"end":{"line":201,"column":65}},"79":{"start":{"line":202,"column":19},"end":{"line":204,"column":5}},"80":{"start":{"line":203,"column":6},"end":{"line":203,"column":61}},"81":{"start":{"line":205,"column":4},"end":{"line":205,"column":21}},"82":{"start":{"line":207,"column":4},"end":{"line":207,"column":49}},"83":{"start":{"line":212,"column":0},"end":{"line":214,"column":3}},"84":{"start":{"line":213,"column":2},"end":{"line":213,"column":61}},"85":{"start":{"line":217,"column":0},"end":{"line":220,"column":3}},"86":{"start":{"line":218,"column":2},"end":{"line":218,"column":55}},"87":{"start":{"line":219,"column":2},"end":{"line":219,"column":44}},"88":{"start":{"line":223,"column":0},"end":{"line":225,"column":3}},"89":{"start":{"line":224,"column":2},"end":{"line":224,"column":53}},"90":{"start":{"line":228,"column":0},"end":{"line":231,"column":3}},"91":{"start":{"line":229,"column":2},"end":{"line":229,"column":38}},"92":{"start":{"line":230,"column":2},"end":{"line":230,"column":79}},"93":{"start":{"line":234,"column":0},"end":{"line":234,"column":21}},"94":{"start":{"line":237,"column":0},"end":{"line":243,"column":1}},"95":{"start":{"line":238,"column":15},"end":{"line":238,"column":39}},"96":{"start":{"line":239,"column":2},"end":{"line":242,"column":5}},"97":{"start":{"line":240,"column":4},"end":{"line":240,"column":50}},"98":{"start":{"line":241,"column":4},"end":{"line":241,"column":62}}},"fnMap":{"0":{"name":"(anonymous_0)","decl":{"start":{"line":25,"column":8},"end":{"line":25,"column":9}},"loc":{"start":{"line":25,"column":28},"end":{"line":33,"column":1}},"line":25},"1":{"name":"(anonymous_1)","decl":{"start":{"line":26,"column":19},"end":{"line":26,"column":20}},"loc":{"start":{"line":26,"column":25},"end":{"line":31,"column":3}},"line":26},"2":{"name":"(anonymous_2)","decl":{"start":{"line":84,"column":14},"end":{"line":84,"column":15}},"loc":{"start":{"line":84,"column":33},"end":{"line":91,"column":3}},"line":84},"3":{"name":"loadData","decl":{"start":{"line":99,"column":9},"end":{"line":99,"column":17}},"loc":{"start":{"line":99,"column":20},"end":{"line":110,"column":1}},"line":99},"4":{"name":"saveData","decl":{"start":{"line":113,"column":9},"end":{"line":113,"column":17}},"loc":{"start":{"line":113,"column":20},"end":{"line":120,"column":1}},"line":113},"5":{"name":"(anonymous_5)","decl":{"start":{"line":126,"column":25},"end":{"line":126,"column":26}},"loc":{"start":{"line":126,"column":39},"end":{"line":159,"column":1}},"line":126},"6":{"name":"(anonymous_6)","decl":{"start":{"line":162,"column":21},"end":{"line":162,"column":22}},"loc":{"start":{"line":162,"column":35},"end":{"line":164,"column":1}},"line":162},"7":{"name":"(anonymous_7)","decl":{"start":{"line":167,"column":47},"end":{"line":167,"column":48}},"loc":{"start":{"line":167,"column":61},"end":{"line":196,"column":1}},"line":167},"8":{"name":"(anonymous_8)","decl":{"start":{"line":176,"column":16},"end":{"line":176,"column":17}},"loc":{"start":{"line":176,"column":25},"end":{"line":181,"column":5}},"line":176},"9":{"name":"(anonymous_9)","decl":{"start":{"line":182,"column":15},"end":{"line":182,"column":16}},"loc":{"start":{"line":182,"column":21},"end":{"line":192,"column":5}},"line":182},"10":{"name":"(anonymous_10)","decl":{"start":{"line":188,"column":31},"end":{"line":188,"column":32}},"loc":{"start":{"line":188,"column":40},"end":{"line":190,"column":7}},"line":188},"11":{"name":"(anonymous_11)","decl":{"start":{"line":193,"column":17},"end":{"line":193,"column":18}},"loc":{"start":{"line":193,"column":26},"end":{"line":195,"column":5}},"line":193},"12":{"name":"(anonymous_12)","decl":{"start":{"line":199,"column":19},"end":{"line":199,"column":20}},"loc":{"start":{"line":199,"column":33},"end":{"line":209,"column":1}},"line":199},"13":{"name":"(anonymous_13)","decl":{"start":{"line":202,"column":35},"end":{"line":202,"column":36}},"loc":{"start":{"line":203,"column":6},"end":{"line":203,"column":61}},"line":203},"14":{"name":"(anonymous_14)","decl":{"start":{"line":212,"column":13},"end":{"line":212,"column":14}},"loc":{"start":{"line":212,"column":27},"end":{"line":214,"column":1}},"line":212},"15":{"name":"(anonymous_15)","decl":{"start":{"line":217,"column":20},"end":{"line":217,"column":21}},"loc":{"start":{"line":217,"column":40},"end":{"line":220,"column":1}},"line":217},"16":{"name":"(anonymous_16)","decl":{"start":{"line":223,"column":8},"end":{"line":223,"column":9}},"loc":{"start":{"line":223,"column":22},"end":{"line":225,"column":1}},"line":223},"17":{"name":"(anonymous_17)","decl":{"start":{"line":228,"column":8},"end":{"line":228,"column":9}},"loc":{"start":{"line":228,"column":33},"end":{"line":231,"column":1}},"line":228},"18":{"name":"(anonymous_18)","decl":{"start":{"line":239,"column":30},"end":{"line":239,"column":31}},"loc":{"start":{"line":239,"column":36},"end":{"line":242,"column":3}},"line":239}},"branchMap":{"0":{"loc":{"start":{"line":28,"column":4},"end":{"line":30,"column":5}},"type":"if","locations":[{"start":{"line":28,"column":4},"end":{"line":30,"column":5}},{"start":{},"end":{}}],"line":28},"1":{"loc":{"start":{"line":39,"column":0},"end":{"line":41,"column":1}},"type":"if","locations":[{"start":{"line":39,"column":0},"end":{"line":41,"column":1}},{"start":{},"end":{}}],"line":39},"2":{"loc":{"start":{"line":62,"column":10},"end":{"line":62,"column":44}},"type":"binary-expr","locations":[{"start":{"line":62,"column":10},"end":{"line":62,"column":37}},{"start":{"line":62,"column":41},"end":{"line":62,"column":44}}],"line":62},"3":{"loc":{"start":{"line":86,"column":4},"end":{"line":90,"column":5}},"type":"if","locations":[{"start":{"line":86,"column":4},"end":{"line":90,"column":5}},{"start":{"line":88,"column":11},"end":{"line":90,"column":5}}],"line":86},"4":{"loc":{"start":{"line":101,"column":4},"end":{"line":105,"column":5}},"type":"if","locations":[{"start":{"line":101,"column":4},"end":{"line":105,"column":5}},{"start":{},"end":{}}],"line":101},"5":{"loc":{"start":{"line":131,"column":4},"end":{"line":133,"column":5}},"type":"if","locations":[{"start":{"line":131,"column":4},"end":{"line":133,"column":5}},{"start":{},"end":{}}],"line":131},"6":{"loc":{"start":{"line":131,"column":8},"end":{"line":131,"column":67}},"type":"binary-expr","locations":[{"start":{"line":131,"column":8},"end":{"line":131,"column":13}},{"start":{"line":131,"column":17},"end":{"line":131,"column":41}},{"start":{"line":131,"column":45},"end":{"line":131,"column":67}}],"line":131},"7":{"loc":{"start":{"line":137,"column":19},"end":{"line":137,"column":50}},"type":"binary-expr","locations":[{"start":{"line":137,"column":19},"end":{"line":137,"column":29}},{"start":{"line":137,"column":33},"end":{"line":137,"column":50}}],"line":137},"8":{"loc":{"start":{"line":138,"column":14},"end":{"line":138,"column":25}},"type":"binary-expr","locations":[{"start":{"line":138,"column":14},"end":{"line":138,"column":19}},{"start":{"line":138,"column":23},"end":{"line":138,"column":25}}],"line":138},"9":{"loc":{"start":{"line":139,"column":19},"end":{"line":139,"column":42}},"type":"binary-expr","locations":[{"start":{"line":139,"column":19},"end":{"line":139,"column":29}},{"start":{"line":139,"column":33},"end":{"line":139,"column":42}}],"line":139},"10":{"loc":{"start":{"line":140,"column":14},"end":{"line":140,"column":35}},"type":"binary-expr","locations":[{"start":{"line":140,"column":14},"end":{"line":140,"column":19}},{"start":{"line":140,"column":23},"end":{"line":140,"column":35}}],"line":140},"11":{"loc":{"start":{"line":141,"column":22},"end":{"line":141,"column":30}},"type":"binary-expr","locations":[{"start":{"line":141,"column":22},"end":{"line":141,"column":25}},{"start":{"line":141,"column":29},"end":{"line":141,"column":30}}],"line":141},"12":{"loc":{"start":{"line":142,"column":14},"end":{"line":142,"column":25}},"type":"binary-expr","locations":[{"start":{"line":142,"column":14},"end":{"line":142,"column":19}},{"start":{"line":142,"column":23},"end":{"line":142,"column":25}}],"line":142},"13":{"loc":{"start":{"line":143,"column":13},"end":{"line":143,"column":31}},"type":"binary-expr","locations":[{"start":{"line":143,"column":13},"end":{"line":143,"column":17}},{"start":{"line":143,"column":21},"end":{"line":143,"column":31}}],"line":143},"14":{"loc":{"start":{"line":148,"column":4},"end":{"line":150,"column":5}},"type":"if","locations":[{"start":{"line":148,"column":4},"end":{"line":150,"column":5}},{"start":{},"end":{}}],"line":148},"15":{"loc":{"start":{"line":148,"column":8},"end":{"line":148,"column":84}},"type":"binary-expr","locations":[{"start":{"line":148,"column":8},"end":{"line":148,"column":32}},{"start":{"line":148,"column":36},"end":{"line":148,"column":57}},{"start":{"line":148,"column":61},"end":{"line":148,"column":84}}],"line":148},"16":{"loc":{"start":{"line":168,"column":2},"end":{"line":170,"column":3}},"type":"if","locations":[{"start":{"line":168,"column":2},"end":{"line":170,"column":3}},{"start":{},"end":{}}],"line":168},"17":{"loc":{"start":{"line":178,"column":6},"end":{"line":180,"column":7}},"type":"if","locations":[{"start":{"line":178,"column":6},"end":{"line":180,"column":7}},{"start":{},"end":{}}],"line":178},"18":{"loc":{"start":{"line":189,"column":8},"end":{"line":189,"column":54}},"type":"if","locations":[{"start":{"line":189,"column":8},"end":{"line":189,"column":54}},{"start":{},"end":{}}],"line":189},"19":{"loc":{"start":{"line":201,"column":19},"end":{"line":201,"column":39}},"type":"binary-expr","locations":[{"start":{"line":201,"column":19},"end":{"line":201,"column":33}},{"start":{"line":201,"column":37},"end":{"line":201,"column":39}}],"line":201},"20":{"loc":{"start":{"line":203,"column":7},"end":{"line":203,"column":19}},"type":"binary-expr","locations":[{"start":{"line":203,"column":7},"end":{"line":203,"column":13}},{"start":{"line":203,"column":17},"end":{"line":203,"column":19}}],"line":203},"21":{"loc":{"start":{"line":230,"column":13},"end":{"line":230,"column":30}},"type":"binary-expr","locations":[{"start":{"line":230,"column":13},"end":{"line":230,"column":23}},{"start":{"line":230,"column":27},"end":{"line":230,"column":30}}],"line":230},"22":{"loc":{"start":{"line":230,"column":46},"end":{"line":230,"column":75}},"type":"binary-expr","locations":[{"start":{"line":230,"column":46},"end":{"line":230,"column":57}},{"start":{"line":230,"column":61},"end":{"line":230,"column":75}}],"line":230},"23":{"loc":{"start":{"line":237,"column":0},"end":{"line":243,"column":1}},"type":"if","locations":[{"start":{"line":237,"column":0},"end":{"line":243,"column":1}},{"start":{},"end":{}}],"line":237},"24":{"loc":{"start":{"line":238,"column":15},"end":{"line":238,"column":39}},"type":"binary-expr","locations":[{"start":{"line":238,"column":15},"end":{"line":238,"column":31}},{"start":{"line":238,"column":35},"end":{"line":238,"column":39}}],"line":238}},"s":{"0":1,"1":1,"2":1,"3":1,"4":1,"5":1,"6":1,"7":1,"8":1,"9":1,"10":1,"11":1,"12":1,"13":1,"14":13,"15":13,"16":12,"17":13,"18":1,"19":1,"20":1,"21":0,"22":1,"23":1,"24":1,"25":1,"26":1,"27":1,"28":1,"29":1,"30":1,"31":1,"32":0,"33":1,"34":1,"35":1,"36":1,"37":1,"38":1,"39":1,"40":0,"41":0,"42":3,"43":3,"44":3,"45":0,"46":1,"47":1,"48":3,"49":3,"50":3,"51":1,"52":2,"53":2,"54":0,"55":2,"56":2,"57":2,"58":0,"59":0,"60":1,"61":1,"62":1,"63":2,"64":1,"65":1,"66":1,"67":1,"68":1,"69":1,"70":1,"71":1,"72":1,"73":0,"74":1,"75":0,"76":1,"77":4,"78":4,"79":4,"80":68,"81":4,"82":0,"83":1,"84":0,"85":1,"86":1,"87":1,"88":1,"89":1,"90":1,"91":0,"92":0,"93":1,"94":1,"95":0,"96":0,"97":0,"98":0},"f":{"0":13,"1":13,"2":1,"3":1,"4":3,"5":3,"6":1,"7":2,"8":1,"9":1,"10":1,"11":0,"12":4,"13":68,"14":0,"15":1,"16":1,"17":0,"18":0},"b":{"0":[12,1],"1":[0,1],"2":[1,1],"3":[1,0],"4":[1,0],"5":[1,2],"6":[3,2,2],"7":[2,0],"8":[2,1],"9":[2,1],"10":[2,1],"11":[2,1],"12":[2,1],"13":[2,1],"14":[0,2],"15":[2,2,2],"16":[1,1],"17":[1,0],"18":[0,1],"19":[4,1],"20":[68,0],"21":[0,0],"22":[0,0],"23":[0,1],"24":[0,0]},"_coverageSchema":"1a1c01bbd47fc00a2c39e90264f33305004495a9","hash":"3f2ee818c041bd80dcc4f9427a3fcf3efc01ef44","contentHash":"076b1a3d2f68539ab59d5af43f6406e79a71252c4c49f1929fa03ce6c77242fa"}}